<?xml version="1.0" encoding="UTF-8"?>
<robot generator="Robot 7.3.2 (Python 3.13.5 on win32)" generated="2025-08-15T21:21:47.178992" rpa="false" schemaversion="5">
<suite id="s1" name="Home page" source="D:\OTT\Robot_frework_OTT\tests\web\Home_page.robot">
<test id="s1-t1" name="Search Udemy On YouTube" line="8">
<kw name="Open Web Browser And Go To URL" owner="common_web">
<kw name="Initialize Driver" owner="common_web_andriod">
<msg time="2025-08-15T21:21:50.818592" level="INFO">${driver} = &lt;selenium.webdriver.chrome.webdriver.WebDriver (session="08070d7099cdbe35b78d47e64e7cc060")&gt;</msg>
<var>${driver}</var>
<arg>device_type=web</arg>
<arg>browser=${BROWSER}</arg>
<doc>Initialize driver once for web or Android.</doc>
<status status="PASS" start="2025-08-15T21:21:47.748037" elapsed="3.070666"/>
</kw>
<kw name="Go To Url" owner="common_web_andriod">
<arg>${URL}</arg>
<doc>Navigate to the given URL using Selenium driver.</doc>
<status status="PASS" start="2025-08-15T21:21:50.819363" elapsed="4.204556"/>
</kw>
<status status="PASS" start="2025-08-15T21:21:47.744371" elapsed="7.279939"/>
</kw>
<tag>smoke</tag>
<status status="PASS" start="2025-08-15T21:21:47.743503" elapsed="7.291388"/>
</test>
<status status="PASS" start="2025-08-15T21:21:47.180866" elapsed="7.873403"/>
</suite>
<statistics>
<total>
<stat pass="1" fail="0" skip="0">All Tests</stat>
</total>
<tag>
<stat pass="1" fail="0" skip="0">smoke</stat>
</tag>
<suite>
<stat name="Home page" id="s1" pass="1" fail="0" skip="0">Home page</stat>
</suite>
</statistics>
<errors>
</errors>
</robot>
